[17-Jul-2023 15:43:51 UTC] PHP Parse error:  syntax error, unexpected end of file in C:\Users\rimsha.sajid\Local Sites\gittest\app\public\wp-content\plugins\sg-block\sg-block.php on line 12
[17-Jul-2023 15:45:52 UTC] PHP Fatal error:  Uncaught Error: Call to undefined function plugin_url() in C:\Users\rimsha.sajid\Local Sites\gittest\app\public\wp-content\plugins\sg-block\sg-block.php:12
Stack trace:
#0 C:\Users\rimsha.sajid\Local Sites\gittest\app\public\wp-settings.php(453): include_once()
#1 C:\Users\rimsha.sajid\Local Sites\gittest\app\public\wp-config.php(103): require_once('C:\\Users\\rimsha...')
#2 C:\Users\rimsha.sajid\Local Sites\gittest\app\public\wp-load.php(50): require_once('C:\\Users\\rimsha...')
#3 C:\Users\rimsha.sajid\Local Sites\gittest\app\public\wp-admin\admin-ajax.php(22): require_once('C:\\Users\\rimsha...')
#4 {main}
  thrown in C:\Users\rimsha.sajid\Local Sites\gittest\app\public\wp-content\plugins\sg-block\sg-block.php on line 12
[17-Jul-2023 15:47:53 UTC] PHP Fatal error:  Uncaught Error: Call to undefined function plugin_url() in C:\Users\rimsha.sajid\Local Sites\gittest\app\public\wp-content\plugins\sg-block\sg-block.php:12
Stack trace:
#0 C:\Users\rimsha.sajid\Local Sites\gittest\app\public\wp-settings.php(453): include_once()
#1 C:\Users\rimsha.sajid\Local Sites\gittest\app\public\wp-config.php(103): require_once('C:\\Users\\rimsha...')
#2 C:\Users\rimsha.sajid\Local Sites\gittest\app\public\wp-load.php(50): require_once('C:\\Users\\rimsha...')
#3 C:\Users\rimsha.sajid\Local Sites\gittest\app\public\wp-admin\admin-ajax.php(22): require_once('C:\\Users\\rimsha...')
#4 {main}
  thrown in C:\Users\rimsha.sajid\Local Sites\gittest\app\public\wp-content\plugins\sg-block\sg-block.php on line 12
[17-Jul-2023 15:49:55 UTC] PHP Fatal error:  Uncaught Error: Call to undefined function plugin_url() in C:\Users\rimsha.sajid\Local Sites\gittest\app\public\wp-content\plugins\sg-block\sg-block.php:12
Stack trace:
#0 C:\Users\rimsha.sajid\Local Sites\gittest\app\public\wp-settings.php(453): include_once()
#1 C:\Users\rimsha.sajid\Local Sites\gittest\app\public\wp-config.php(103): require_once('C:\\Users\\rimsha...')
#2 C:\Users\rimsha.sajid\Local Sites\gittest\app\public\wp-load.php(50): require_once('C:\\Users\\rimsha...')
#3 C:\Users\rimsha.sajid\Local Sites\gittest\app\public\wp-admin\admin-ajax.php(22): require_once('C:\\Users\\rimsha...')
#4 {main}
  thrown in C:\Users\rimsha.sajid\Local Sites\gittest\app\public\wp-content\plugins\sg-block\sg-block.php on line 12
[17-Jul-2023 15:51:55 UTC] PHP Fatal error:  Cannot use positional argument after named argument in C:\Users\rimsha.sajid\Local Sites\gittest\app\public\wp-content\plugins\sg-block\sg-block.php on line 19
[17-Jul-2023 15:53:57 UTC] PHP Parse error:  syntax error, unexpected token "}" in C:\Users\rimsha.sajid\Local Sites\gittest\app\public\wp-content\plugins\sg-block\sg-block.php on line 38
[17-Jul-2023 15:55:57 UTC] PHP Parse error:  syntax error, unexpected token "}" in C:\Users\rimsha.sajid\Local Sites\gittest\app\public\wp-content\plugins\sg-block\sg-block.php on line 38
[17-Jul-2023 15:57:58 UTC] PHP Parse error:  syntax error, unexpected token "}" in C:\Users\rimsha.sajid\Local Sites\gittest\app\public\wp-content\plugins\sg-block\sg-block.php on line 38
[17-Jul-2023 15:59:59 UTC] PHP Parse error:  syntax error, unexpected token "}" in C:\Users\rimsha.sajid\Local Sites\gittest\app\public\wp-content\plugins\sg-block\sg-block.php on line 43
[17-Jul-2023 16:02:00 UTC] PHP Fatal error:  Cannot use positional argument after named argument in C:\Users\rimsha.sajid\Local Sites\gittest\app\public\wp-content\plugins\sg-block\sg-block.php on line 19
[17-Jul-2023 16:03:49 UTC] PHP Fatal error:  Cannot use positional argument after named argument in C:\Users\rimsha.sajid\Local Sites\gittest\app\public\wp-content\plugins\sg-block\sg-block.php on line 19
[17-Jul-2023 16:03:52 UTC] PHP Fatal error:  Cannot use positional argument after named argument in C:\Users\rimsha.sajid\Local Sites\gittest\app\public\wp-content\plugins\sg-block\sg-block.php on line 19
[17-Jul-2023 16:03:52 UTC] PHP Fatal error:  Cannot use positional argument after named argument in C:\Users\rimsha.sajid\Local Sites\gittest\app\public\wp-content\plugins\sg-block\sg-block.php on line 19
[17-Jul-2023 16:06:36 UTC] PHP Fatal error:  Cannot use positional argument after named argument in C:\Users\rimsha.sajid\Local Sites\gittest\app\public\wp-content\plugins\sg-block\sg-block.php on line 19
[17-Jul-2023 16:06:36 UTC] PHP Fatal error:  Cannot use positional argument after named argument in C:\Users\rimsha.sajid\Local Sites\gittest\app\public\wp-content\plugins\sg-block\sg-block.php on line 19
[17-Jul-2023 16:06:40 UTC] PHP Fatal error:  Cannot use positional argument after named argument in C:\Users\rimsha.sajid\Local Sites\gittest\app\public\wp-content\plugins\sg-block\sg-block.php on line 19
[17-Jul-2023 16:06:41 UTC] PHP Fatal error:  Cannot use positional argument after named argument in C:\Users\rimsha.sajid\Local Sites\gittest\app\public\wp-content\plugins\sg-block\sg-block.php on line 19
[17-Jul-2023 16:06:42 UTC] PHP Fatal error:  Cannot use positional argument after named argument in C:\Users\rimsha.sajid\Local Sites\gittest\app\public\wp-content\plugins\sg-block\sg-block.php on line 19
[17-Jul-2023 16:06:42 UTC] PHP Fatal error:  Cannot use positional argument after named argument in C:\Users\rimsha.sajid\Local Sites\gittest\app\public\wp-content\plugins\sg-block\sg-block.php on line 19
[17-Jul-2023 16:06:43 UTC] PHP Fatal error:  Cannot use positional argument after named argument in C:\Users\rimsha.sajid\Local Sites\gittest\app\public\wp-content\plugins\sg-block\sg-block.php on line 19
[17-Jul-2023 16:06:43 UTC] PHP Fatal error:  Cannot use positional argument after named argument in C:\Users\rimsha.sajid\Local Sites\gittest\app\public\wp-content\plugins\sg-block\sg-block.php on line 19
[17-Jul-2023 16:06:44 UTC] PHP Fatal error:  Cannot use positional argument after named argument in C:\Users\rimsha.sajid\Local Sites\gittest\app\public\wp-content\plugins\sg-block\sg-block.php on line 19
[17-Jul-2023 16:06:44 UTC] PHP Fatal error:  Cannot use positional argument after named argument in C:\Users\rimsha.sajid\Local Sites\gittest\app\public\wp-content\plugins\sg-block\sg-block.php on line 19
[17-Jul-2023 16:40:31 UTC] PHP Fatal error:  Cannot use positional argument after named argument in C:\Users\rimsha.sajid\Local Sites\gittest\app\public\wp-content\plugins\sg-block\sg-block.php on line 19
[17-Jul-2023 16:40:32 UTC] PHP Fatal error:  Cannot use positional argument after named argument in C:\Users\rimsha.sajid\Local Sites\gittest\app\public\wp-content\plugins\sg-block\sg-block.php on line 19
[17-Jul-2023 16:42:52 UTC] PHP Fatal error:  Cannot use positional argument after named argument in C:\Users\rimsha.sajid\Local Sites\gittest\app\public\wp-content\plugins\sg-block\sg-block.php on line 19
[17-Jul-2023 16:42:53 UTC] PHP Fatal error:  Cannot use positional argument after named argument in C:\Users\rimsha.sajid\Local Sites\gittest\app\public\wp-content\plugins\sg-block\sg-block.php on line 19
[17-Jul-2023 16:44:48 UTC] PHP Parse error:  Unclosed '{' on line 15 in C:\Users\rimsha.sajid\Local Sites\gittest\app\public\wp-content\plugins\sg-block\sg-block.php on line 46
[17-Jul-2023 16:44:49 UTC] PHP Parse error:  Unclosed '{' on line 15 in C:\Users\rimsha.sajid\Local Sites\gittest\app\public\wp-content\plugins\sg-block\sg-block.php on line 46
[17-Jul-2023 16:45:10 UTC] PHP Fatal error:  Cannot use positional argument after named argument in C:\Users\rimsha.sajid\Local Sites\gittest\app\public\wp-content\plugins\sg-block\sg-block.php on line 19
[17-Jul-2023 16:45:10 UTC] PHP Fatal error:  Cannot use positional argument after named argument in C:\Users\rimsha.sajid\Local Sites\gittest\app\public\wp-content\plugins\sg-block\sg-block.php on line 19
[17-Jul-2023 16:48:46 UTC] PHP Fatal error:  Cannot use positional argument after named argument in C:\Users\rimsha.sajid\Local Sites\gittest\app\public\wp-content\plugins\sg-block\sg-block.php on line 19
[17-Jul-2023 16:48:47 UTC] PHP Fatal error:  Cannot use positional argument after named argument in C:\Users\rimsha.sajid\Local Sites\gittest\app\public\wp-content\plugins\sg-block\sg-block.php on line 19
[17-Jul-2023 16:48:58 UTC] PHP Fatal error:  Cannot use positional argument after named argument in C:\Users\rimsha.sajid\Local Sites\gittest\app\public\wp-content\plugins\sg-block\sg-block.php on line 19
[17-Jul-2023 16:48:59 UTC] PHP Fatal error:  Cannot use positional argument after named argument in C:\Users\rimsha.sajid\Local Sites\gittest\app\public\wp-content\plugins\sg-block\sg-block.php on line 19
[17-Jul-2023 16:48:59 UTC] PHP Fatal error:  Cannot use positional argument after named argument in C:\Users\rimsha.sajid\Local Sites\gittest\app\public\wp-content\plugins\sg-block\sg-block.php on line 19
[17-Jul-2023 16:49:00 UTC] PHP Fatal error:  Cannot use positional argument after named argument in C:\Users\rimsha.sajid\Local Sites\gittest\app\public\wp-content\plugins\sg-block\sg-block.php on line 19
[17-Jul-2023 16:49:00 UTC] PHP Fatal error:  Cannot use positional argument after named argument in C:\Users\rimsha.sajid\Local Sites\gittest\app\public\wp-content\plugins\sg-block\sg-block.php on line 19
[17-Jul-2023 16:49:01 UTC] PHP Fatal error:  Cannot use positional argument after named argument in C:\Users\rimsha.sajid\Local Sites\gittest\app\public\wp-content\plugins\sg-block\sg-block.php on line 19
[17-Jul-2023 16:49:01 UTC] PHP Fatal error:  Cannot use positional argument after named argument in C:\Users\rimsha.sajid\Local Sites\gittest\app\public\wp-content\plugins\sg-block\sg-block.php on line 19
[17-Jul-2023 16:49:01 UTC] PHP Fatal error:  Cannot use positional argument after named argument in C:\Users\rimsha.sajid\Local Sites\gittest\app\public\wp-content\plugins\sg-block\sg-block.php on line 19
[17-Jul-2023 16:49:02 UTC] PHP Fatal error:  Cannot use positional argument after named argument in C:\Users\rimsha.sajid\Local Sites\gittest\app\public\wp-content\plugins\sg-block\sg-block.php on line 19
[17-Jul-2023 16:49:02 UTC] PHP Fatal error:  Cannot use positional argument after named argument in C:\Users\rimsha.sajid\Local Sites\gittest\app\public\wp-content\plugins\sg-block\sg-block.php on line 19
[17-Jul-2023 17:03:20 UTC] PHP Parse error:  Unmatched '}' in C:\Users\rimsha.sajid\Local Sites\gittest\app\public\wp-content\plugins\sg-block\sg-block.php on line 44
[17-Jul-2023 17:03:20 UTC] PHP Parse error:  Unmatched '}' in C:\Users\rimsha.sajid\Local Sites\gittest\app\public\wp-content\plugins\sg-block\sg-block.php on line 44
[17-Jul-2023 17:37:39 UTC] Sync process for Gutenberg Blocks has started.
[17-Jul-2023 17:37:39 UTC] CATEGORY:Importing categories..
[17-Jul-2023 17:37:39 UTC] CATEGORY:Storing in option ast-block-templates-categories
[17-Jul-2023 17:37:39 UTC] CATEGORY:Completed category import.
[17-Jul-2023 17:37:39 UTC] BLOCK: Getting Total Blocks
[17-Jul-2023 17:37:39 UTC] BLOCK: https://websitedemos.net/wp-json/astra-blocks/v1/get-blocks-count/?page_builder=gutenberg&wireframe=yes
[17-Jul-2023 17:37:39 UTC] BLOCK: Requests count 4
[17-Jul-2023 17:37:39 UTC] BLOCK: Importing request 1 ..
[17-Jul-2023 17:37:39 UTC] BLOCK: https://websitedemos.net/wp-json/astra-blocks/v1/blocks/?page_builder=gutenberg&per_page=100&page=1&wireframe=yes
[17-Jul-2023 17:37:40 UTC] BLOCK: Storing in option ast-block-templates-blocks-1
[17-Jul-2023 17:37:40 UTC] BLOCK: Completed request 1
[17-Jul-2023 17:37:40 UTC] BLOCK: Importing request 2 ..
[17-Jul-2023 17:37:40 UTC] BLOCK: https://websitedemos.net/wp-json/astra-blocks/v1/blocks/?page_builder=gutenberg&per_page=100&page=2&wireframe=yes
[17-Jul-2023 17:37:40 UTC] BLOCK: Storing in option ast-block-templates-blocks-2
[17-Jul-2023 17:37:40 UTC] BLOCK: Completed request 2
[17-Jul-2023 17:37:40 UTC] BLOCK: Importing request 3 ..
[17-Jul-2023 17:37:40 UTC] BLOCK: https://websitedemos.net/wp-json/astra-blocks/v1/blocks/?page_builder=gutenberg&per_page=100&page=3&wireframe=yes
[17-Jul-2023 17:37:40 UTC] BLOCK: Storing in option ast-block-templates-blocks-3
[17-Jul-2023 17:37:40 UTC] BLOCK: Completed request 3
[17-Jul-2023 17:37:40 UTC] BLOCK: Importing request 4 ..
[17-Jul-2023 17:37:40 UTC] BLOCK: https://websitedemos.net/wp-json/astra-blocks/v1/blocks/?page_builder=gutenberg&per_page=100&page=4&wireframe=yes
[17-Jul-2023 17:37:40 UTC] BLOCK: Storing in option ast-block-templates-blocks-4
[17-Jul-2023 17:37:40 UTC] BLOCK: Completed request 4
[17-Jul-2023 17:37:40 UTC] SITE: Getting Total Sites
[17-Jul-2023 17:37:40 UTC] SITE: https://websitedemos.net/wp-json/astra-sites/v1/get-total-pages/?page_builder=gutenberg
[17-Jul-2023 17:37:40 UTC] SITE: Request count 2
[17-Jul-2023 17:37:40 UTC] SITE: Importing request 1 ..
[17-Jul-2023 17:37:40 UTC] SITE: https://websitedemos.net/wp-json/astra-sites/v1/sites-and-pages/?per_page=100&page=1&page-builder=gutenberg
[17-Jul-2023 17:37:40 UTC] SITE: Storing in option ast-block-templates-sites-1
[17-Jul-2023 17:37:41 UTC] SITE: Completed request 1
[17-Jul-2023 17:37:41 UTC] SITE: Importing request 2 ..
[17-Jul-2023 17:37:41 UTC] SITE: https://websitedemos.net/wp-json/astra-sites/v1/sites-and-pages/?per_page=100&page=2&page-builder=gutenberg
[17-Jul-2023 17:37:41 UTC] SITE: Storing in option ast-block-templates-sites-2
[17-Jul-2023 17:37:41 UTC] SITE: Completed request 2
[17-Jul-2023 17:37:41 UTC] Sync process for Gutenberg Blocks is done.
[18-Jul-2023 13:54:48 UTC] PHP Fatal error:  Cannot redeclare create_block_mag_block_block_init() (previously declared in C:\Users\rimsha.sajid\Local Sites\gittest\app\public\wp-content\plugins\mag-block\mag-block.php:24) in C:\Users\rimsha.sajid\Local Sites\gittest\app\public\wp-content\plugins\mag-block\mag-block.php on line 23
[18-Jul-2023 13:54:56 UTC] PHP Fatal error:  Cannot redeclare create_block_mag_block_block_init() (previously declared in C:\Users\rimsha.sajid\Local Sites\gittest\app\public\wp-content\plugins\mag-block\mag-block.php:24) in C:\Users\rimsha.sajid\Local Sites\gittest\app\public\wp-content\plugins\mag-block\mag-block.php on line 23
[18-Jul-2023 14:03:21 UTC] PHP Fatal error:  Cannot redeclare create_block_mag_block_block_init() (previously declared in C:\Users\rimsha.sajid\Local Sites\gittest\app\public\wp-content\plugins\mag-block\mag-block.php:24) in C:\Users\rimsha.sajid\Local Sites\gittest\app\public\wp-content\plugins\mag-block\mag-block.php on line 23
[18-Jul-2023 14:03:43 UTC] PHP Fatal error:  Cannot redeclare create_block_mag_block_block_init() (previously declared in C:\Users\rimsha.sajid\Local Sites\gittest\app\public\wp-content\plugins\mag-block\mag-block.php:24) in C:\Users\rimsha.sajid\Local Sites\gittest\app\public\wp-content\plugins\mag-block\mag-block.php on line 23
[18-Jul-2023 14:04:28 UTC] PHP Fatal error:  Cannot redeclare create_block_mag_block_block_init() (previously declared in C:\Users\rimsha.sajid\Local Sites\gittest\app\public\wp-content\plugins\mag-block\mag-block.php:24) in C:\Users\rimsha.sajid\Local Sites\gittest\app\public\wp-content\plugins\mag-block\mag-block.php on line 23
[18-Jul-2023 20:31:42 UTC] Sync process for Gutenberg Blocks has started.
[18-Jul-2023 20:31:42 UTC] CATEGORY:Importing categories..
[18-Jul-2023 20:31:42 UTC] CATEGORY:Storing in option ast-block-templates-categories
[18-Jul-2023 20:31:42 UTC] CATEGORY:Completed category import.
[18-Jul-2023 20:31:42 UTC] BLOCK: Getting Total Blocks
[18-Jul-2023 20:31:42 UTC] BLOCK: https://websitedemos.net/wp-json/astra-blocks/v1/get-blocks-count/?page_builder=gutenberg&wireframe=yes
[18-Jul-2023 20:31:43 UTC] BLOCK: Requests count 4
[18-Jul-2023 20:31:43 UTC] BLOCK: Importing request 1 ..
[18-Jul-2023 20:31:43 UTC] BLOCK: https://websitedemos.net/wp-json/astra-blocks/v1/blocks/?page_builder=gutenberg&per_page=100&page=1&wireframe=yes
[18-Jul-2023 20:31:43 UTC] BLOCK: Storing in option ast-block-templates-blocks-1
[18-Jul-2023 20:31:43 UTC] BLOCK: Completed request 1
[18-Jul-2023 20:31:43 UTC] BLOCK: Importing request 2 ..
[18-Jul-2023 20:31:43 UTC] BLOCK: https://websitedemos.net/wp-json/astra-blocks/v1/blocks/?page_builder=gutenberg&per_page=100&page=2&wireframe=yes
[18-Jul-2023 20:31:43 UTC] BLOCK: Storing in option ast-block-templates-blocks-2
[18-Jul-2023 20:31:43 UTC] BLOCK: Completed request 2
[18-Jul-2023 20:31:43 UTC] BLOCK: Importing request 3 ..
[18-Jul-2023 20:31:43 UTC] BLOCK: https://websitedemos.net/wp-json/astra-blocks/v1/blocks/?page_builder=gutenberg&per_page=100&page=3&wireframe=yes
[18-Jul-2023 20:31:43 UTC] BLOCK: Storing in option ast-block-templates-blocks-3
[18-Jul-2023 20:31:43 UTC] BLOCK: Completed request 3
[18-Jul-2023 20:31:43 UTC] BLOCK: Importing request 4 ..
[18-Jul-2023 20:31:43 UTC] BLOCK: https://websitedemos.net/wp-json/astra-blocks/v1/blocks/?page_builder=gutenberg&per_page=100&page=4&wireframe=yes
[18-Jul-2023 20:31:43 UTC] BLOCK: Storing in option ast-block-templates-blocks-4
[18-Jul-2023 20:31:43 UTC] BLOCK: Completed request 4
[18-Jul-2023 20:31:43 UTC] SITE: Getting Total Sites
[18-Jul-2023 20:31:43 UTC] SITE: https://websitedemos.net/wp-json/astra-sites/v1/get-total-pages/?page_builder=gutenberg
[18-Jul-2023 20:31:43 UTC] SITE: Request count 2
[18-Jul-2023 20:31:43 UTC] SITE: Importing request 1 ..
[18-Jul-2023 20:31:43 UTC] SITE: https://websitedemos.net/wp-json/astra-sites/v1/sites-and-pages/?per_page=100&page=1&page-builder=gutenberg
[18-Jul-2023 20:31:43 UTC] SITE: Storing in option ast-block-templates-sites-1
[18-Jul-2023 20:31:43 UTC] SITE: Completed request 1
[18-Jul-2023 20:31:43 UTC] SITE: Importing request 2 ..
[18-Jul-2023 20:31:43 UTC] SITE: https://websitedemos.net/wp-json/astra-sites/v1/sites-and-pages/?per_page=100&page=2&page-builder=gutenberg
[18-Jul-2023 20:31:43 UTC] SITE: Storing in option ast-block-templates-sites-2
[18-Jul-2023 20:31:43 UTC] SITE: Completed request 2
[18-Jul-2023 20:31:43 UTC] Sync process for Gutenberg Blocks is done.
[18-Jul-2023 20:33:36 UTC] PHP Warning:  filemtime(): stat failed for C:\Users\rimsha.sajid\Local Sites\gittest\app\public\wp-content\plugins\my-login-block/build/editor.css in C:\Users\rimsha.sajid\Local Sites\gittest\app\public\wp-content\plugins\my-login-block\my-login-block.php on line 20
[18-Jul-2023 20:34:37 UTC] PHP Warning:  filemtime(): stat failed for C:\Users\rimsha.sajid\Local Sites\gittest\app\public\wp-content\plugins\my-login-block/build/editor.css in C:\Users\rimsha.sajid\Local Sites\gittest\app\public\wp-content\plugins\my-login-block\my-login-block.php on line 20
[18-Jul-2023 20:36:49 UTC] PHP Warning:  filemtime(): stat failed for C:\Users\rimsha.sajid\Local Sites\gittest\app\public\wp-content\plugins\my-login-block/build/editor.css in C:\Users\rimsha.sajid\Local Sites\gittest\app\public\wp-content\plugins\my-login-block\my-login-block.php on line 20
[18-Jul-2023 20:36:56 UTC] PHP Warning:  filemtime(): stat failed for C:\Users\rimsha.sajid\Local Sites\gittest\app\public\wp-content\plugins\my-login-block/build/editor.css in C:\Users\rimsha.sajid\Local Sites\gittest\app\public\wp-content\plugins\my-login-block\my-login-block.php on line 20
[18-Jul-2023 20:37:03 UTC] PHP Warning:  filemtime(): stat failed for C:\Users\rimsha.sajid\Local Sites\gittest\app\public\wp-content\plugins\my-login-block/build/editor.css in C:\Users\rimsha.sajid\Local Sites\gittest\app\public\wp-content\plugins\my-login-block\my-login-block.php on line 20
[18-Jul-2023 20:39:15 UTC] PHP Warning:  filemtime(): stat failed for C:\Users\rimsha.sajid\Local Sites\gittest\app\public\wp-content\plugins\my-login-block/build/editor.css in C:\Users\rimsha.sajid\Local Sites\gittest\app\public\wp-content\plugins\my-login-block\my-login-block.php on line 20
[18-Jul-2023 20:46:34 UTC] PHP Warning:  filemtime(): stat failed for C:\Users\rimsha.sajid\Local Sites\gittest\app\public\wp-content\plugins\my-login-block/build/editor.css in C:\Users\rimsha.sajid\Local Sites\gittest\app\public\wp-content\plugins\my-login-block\my-login-block.php on line 20
[20-Jul-2023 10:08:30 UTC] Sync process for Gutenberg Blocks has started.
[20-Jul-2023 10:08:30 UTC] CATEGORY:Importing categories..
[20-Jul-2023 10:08:31 UTC] CATEGORY:Storing in option ast-block-templates-categories
[20-Jul-2023 10:08:31 UTC] CATEGORY:Completed category import.
[20-Jul-2023 10:08:31 UTC] BLOCK: Getting Total Blocks
[20-Jul-2023 10:08:31 UTC] BLOCK: https://websitedemos.net/wp-json/astra-blocks/v1/get-blocks-count/?page_builder=gutenberg&wireframe=yes
[20-Jul-2023 10:08:31 UTC] BLOCK: Requests count 4
[20-Jul-2023 10:08:31 UTC] BLOCK: Importing request 1 ..
[20-Jul-2023 10:08:31 UTC] BLOCK: https://websitedemos.net/wp-json/astra-blocks/v1/blocks/?page_builder=gutenberg&per_page=100&page=1&wireframe=yes
[20-Jul-2023 10:08:31 UTC] BLOCK: Storing in option ast-block-templates-blocks-1
[20-Jul-2023 10:08:31 UTC] BLOCK: Completed request 1
[20-Jul-2023 10:08:31 UTC] BLOCK: Importing request 2 ..
[20-Jul-2023 10:08:31 UTC] BLOCK: https://websitedemos.net/wp-json/astra-blocks/v1/blocks/?page_builder=gutenberg&per_page=100&page=2&wireframe=yes
[20-Jul-2023 10:08:31 UTC] BLOCK: Storing in option ast-block-templates-blocks-2
[20-Jul-2023 10:08:31 UTC] BLOCK: Completed request 2
[20-Jul-2023 10:08:31 UTC] BLOCK: Importing request 3 ..
[20-Jul-2023 10:08:31 UTC] BLOCK: https://websitedemos.net/wp-json/astra-blocks/v1/blocks/?page_builder=gutenberg&per_page=100&page=3&wireframe=yes
[20-Jul-2023 10:08:31 UTC] BLOCK: Storing in option ast-block-templates-blocks-3
[20-Jul-2023 10:08:31 UTC] BLOCK: Completed request 3
[20-Jul-2023 10:08:31 UTC] BLOCK: Importing request 4 ..
[20-Jul-2023 10:08:31 UTC] BLOCK: https://websitedemos.net/wp-json/astra-blocks/v1/blocks/?page_builder=gutenberg&per_page=100&page=4&wireframe=yes
[20-Jul-2023 10:08:31 UTC] BLOCK: Storing in option ast-block-templates-blocks-4
[20-Jul-2023 10:08:31 UTC] BLOCK: Completed request 4
[20-Jul-2023 10:08:31 UTC] SITE: Getting Total Sites
[20-Jul-2023 10:08:31 UTC] SITE: https://websitedemos.net/wp-json/astra-sites/v1/get-total-pages/?page_builder=gutenberg
[20-Jul-2023 10:08:31 UTC] SITE: Request count 2
[20-Jul-2023 10:08:31 UTC] SITE: Importing request 1 ..
[20-Jul-2023 10:08:31 UTC] SITE: https://websitedemos.net/wp-json/astra-sites/v1/sites-and-pages/?per_page=100&page=1&page-builder=gutenberg
[20-Jul-2023 10:08:31 UTC] SITE: Storing in option ast-block-templates-sites-1
[20-Jul-2023 10:08:32 UTC] SITE: Completed request 1
[20-Jul-2023 10:08:32 UTC] SITE: Importing request 2 ..
[20-Jul-2023 10:08:32 UTC] SITE: https://websitedemos.net/wp-json/astra-sites/v1/sites-and-pages/?per_page=100&page=2&page-builder=gutenberg
[20-Jul-2023 10:08:32 UTC] SITE: Storing in option ast-block-templates-sites-2
[20-Jul-2023 10:08:32 UTC] SITE: Completed request 2
[20-Jul-2023 10:08:32 UTC] Sync process for Gutenberg Blocks is done.
[21-Jul-2023 09:55:46 UTC] PHP Fatal error:  Uncaught Error: Call to undefined function get_attributes() in C:\Users\rimsha.sajid\Local Sites\gittest\app\public\wp-content\plugins\registeration-block\includes\block-editor\blocks\block-one\render.php:7
Stack trace:
#0 C:\Users\rimsha.sajid\Local Sites\gittest\app\public\wp-content\plugins\registeration-block\registeration-block.php(69): require()
#1 C:\Users\rimsha.sajid\Local Sites\gittest\app\public\wp-includes\class-wp-hook.php(308): registration_block_render_block_one('')
#2 C:\Users\rimsha.sajid\Local Sites\gittest\app\public\wp-includes\class-wp-hook.php(332): WP_Hook->apply_filters(NULL, Array)
#3 C:\Users\rimsha.sajid\Local Sites\gittest\app\public\wp-includes\plugin.php(517): WP_Hook->do_action(Array)
#4 C:\Users\rimsha.sajid\Local Sites\gittest\app\public\wp-includes\template-loader.php(13): do_action('template_redire...')
#5 C:\Users\rimsha.sajid\Local Sites\gittest\app\public\wp-blog-header.php(19): require_once('C:\\Users\\rimsha...')
#6 C:\Users\rimsha.sajid\Local Sites\gittest\app\public\index.php(17): require('C:\\Users\\rimsha...')
#7 {main}
  thrown in C:\Users\rimsha.sajid\Local Sites\gittest\app\public\wp-content\plugins\registeration-block\includes\block-editor\blocks\block-one\render.php on line 7
[21-Jul-2023 09:56:46 UTC] PHP Fatal error:  Uncaught Error: Call to undefined function get_attributes() in C:\Users\rimsha.sajid\Local Sites\gittest\app\public\wp-content\plugins\registeration-block\includes\block-editor\blocks\block-one\render.php:7
Stack trace:
#0 C:\Users\rimsha.sajid\Local Sites\gittest\app\public\wp-content\plugins\registeration-block\registeration-block.php(69): require()
#1 C:\Users\rimsha.sajid\Local Sites\gittest\app\public\wp-includes\class-wp-hook.php(308): registration_block_render_block_one('')
#2 C:\Users\rimsha.sajid\Local Sites\gittest\app\public\wp-includes\class-wp-hook.php(332): WP_Hook->apply_filters(NULL, Array)
#3 C:\Users\rimsha.sajid\Local Sites\gittest\app\public\wp-includes\plugin.php(517): WP_Hook->do_action(Array)
#4 C:\Users\rimsha.sajid\Local Sites\gittest\app\public\wp-includes\template-loader.php(13): do_action('template_redire...')
#5 C:\Users\rimsha.sajid\Local Sites\gittest\app\public\wp-blog-header.php(19): require_once('C:\\Users\\rimsha...')
#6 C:\Users\rimsha.sajid\Local Sites\gittest\app\public\index.php(17): require('C:\\Users\\rimsha...')
#7 {main}
  thrown in C:\Users\rimsha.sajid\Local Sites\gittest\app\public\wp-content\plugins\registeration-block\includes\block-editor\blocks\block-one\render.php on line 7
[21-Jul-2023 10:15:43 UTC] PHP Warning:  require(C:\Users\rimsha.sajid\Local Sites\gittest\app\public\wp-content\plugins\registeration-block/includes/block-editor/blocks/block-two//render.php): Failed to open stream: No such file or directory in C:\Users\rimsha.sajid\Local Sites\gittest\app\public\wp-content\plugins\registeration-block\registeration-block.php on line 81
[21-Jul-2023 10:15:43 UTC] PHP Fatal error:  Uncaught Error: Failed opening required 'C:\Users\rimsha.sajid\Local Sites\gittest\app\public\wp-content\plugins\registeration-block/includes/block-editor/blocks/block-two//render.php' (include_path='.:/usr/share/php:/www/wp-content/pear') in C:\Users\rimsha.sajid\Local Sites\gittest\app\public\wp-content\plugins\registeration-block\registeration-block.php:81
Stack trace:
#0 C:\Users\rimsha.sajid\Local Sites\gittest\app\public\wp-includes\class-wp-hook.php(308): registration_block_render_block_one('')
#1 C:\Users\rimsha.sajid\Local Sites\gittest\app\public\wp-includes\class-wp-hook.php(332): WP_Hook->apply_filters(NULL, Array)
#2 C:\Users\rimsha.sajid\Local Sites\gittest\app\public\wp-includes\plugin.php(517): WP_Hook->do_action(Array)
#3 C:\Users\rimsha.sajid\Local Sites\gittest\app\public\wp-includes\template-loader.php(13): do_action('template_redire...')
#4 C:\Users\rimsha.sajid\Local Sites\gittest\app\public\wp-blog-header.php(19): require_once('C:\\Users\\rimsha...')
#5 C:\Users\rimsha.sajid\Local Sites\gittest\app\public\index.php(17): require('C:\\Users\\rimsha...')
#6 {main}
  thrown in C:\Users\rimsha.sajid\Local Sites\gittest\app\public\wp-content\plugins\registeration-block\registeration-block.php on line 81
[21-Jul-2023 13:36:06 UTC] PHP Parse error:  Unclosed '{' on line 82 does not match ')' in C:\Users\rimsha.sajid\Local Sites\gittest\app\public\wp-content\plugins\registeration-block\registeration-block.php on line 83
[21-Jul-2023 13:40:00 UTC] PHP Warning:  require(C:\Users\rimsha.sajid\Local Sites\gittest\app\public\wp-content\plugins\registeration-block/includes/block-editor/blocks/block-oneblock-one//render.php): Failed to open stream: No such file or directory in C:\Users\rimsha.sajid\Local Sites\gittest\app\public\wp-content\plugins\registeration-block\registeration-block.php on line 83
[21-Jul-2023 13:40:00 UTC] PHP Fatal error:  Uncaught Error: Failed opening required 'C:\Users\rimsha.sajid\Local Sites\gittest\app\public\wp-content\plugins\registeration-block/includes/block-editor/blocks/block-oneblock-one//render.php' (include_path='.:/usr/share/php:/www/wp-content/pear') in C:\Users\rimsha.sajid\Local Sites\gittest\app\public\wp-content\plugins\registeration-block\registeration-block.php:83
Stack trace:
#0 C:\Users\rimsha.sajid\Local Sites\gittest\app\public\wp-includes\class-wp-hook.php(308): registration_block_insert_blocks_in_content('\n<div class="wp...')
#1 C:\Users\rimsha.sajid\Local Sites\gittest\app\public\wp-includes\plugin.php(205): WP_Hook->apply_filters('\n<div class="wp...', Array)
#2 C:\Users\rimsha.sajid\Local Sites\gittest\app\public\wp-includes\post-template.php(255): apply_filters('the_content', '<!-- wp:columns...')
#3 C:\Users\rimsha.sajid\Local Sites\gittest\app\public\wp-content\themes\astra\template-parts\single\content-header.php(33): the_content()
#4 C:\Users\rimsha.sajid\Local Sites\gittest\app\public\wp-includes\template.php(785): require('C:\\Users\\rimsha...')
#5 C:\Users\rimsha.sajid\Local Sites\gittest\app\public\wp-includes\template.php(718): load_template('C:\\Users\\rimsha...', false, Array)
#6 C:\Users\rimsha.sajid\Local Sites\gittest\app\public\wp-includes\general-template.php(204): locate_template(Array, true, false, Array)
#7 C:\Users\rimsha.sajid\Local Sites\gittest\app\public\wp-content\themes\astra\inc\template-parts.php(376): get_template_part('template-parts/...')
#8 C:\Users\rimsha.sajid\Local Sites\gittest\app\public\wp-includes\class-wp-hook.php(308): astra_entry_content_single_page_template('')
#9 C:\Users\rimsha.sajid\Local Sites\gittest\app\public\wp-includes\class-wp-hook.php(332): WP_Hook->apply_filters('', Array)
#10 C:\Users\rimsha.sajid\Local Sites\gittest\app\public\wp-includes\plugin.php(517): WP_Hook->do_action(Array)
#11 C:\Users\rimsha.sajid\Local Sites\gittest\app\public\wp-content\themes\astra\inc\core\theme-hooks.php(452): do_action('astra_entry_con...')
#12 C:\Users\rimsha.sajid\Local Sites\gittest\app\public\wp-content\themes\astra\template-parts\content-page.php(26): astra_entry_content_single_page()
#13 C:\Users\rimsha.sajid\Local Sites\gittest\app\public\wp-includes\template.php(785): require('C:\\Users\\rimsha...')
#14 C:\Users\rimsha.sajid\Local Sites\gittest\app\public\wp-includes\template.php(718): load_template('C:\\Users\\rimsha...', false, Array)
#15 C:\Users\rimsha.sajid\Local Sites\gittest\app\public\wp-includes\general-template.php(204): locate_template(Array, true, false, Array)
#16 C:\Users\rimsha.sajid\Local Sites\gittest\app\public\wp-content\themes\astra\inc\class-astra-loop.php(109): get_template_part('template-parts/...', 'page')
#17 C:\Users\rimsha.sajid\Local Sites\gittest\app\public\wp-includes\class-wp-hook.php(308): Astra_Loop->template_parts_page('')
#18 C:\Users\rimsha.sajid\Local Sites\gittest\app\public\wp-includes\class-wp-hook.php(332): WP_Hook->apply_filters('', Array)
#19 C:\Users\rimsha.sajid\Local Sites\gittest\app\public\wp-includes\plugin.php(517): WP_Hook->do_action(Array)
#20 C:\Users\rimsha.sajid\Local Sites\gittest\app\public\wp-content\themes\astra\inc\class-astra-loop.php(197): do_action('astra_page_temp...')
#21 C:\Users\rimsha.sajid\Local Sites\gittest\app\public\wp-content\themes\astra\inc\class-astra-loop.php(174): Astra_Loop->loop_markup(true)
#22 C:\Users\rimsha.sajid\Local Sites\gittest\app\public\wp-includes\class-wp-hook.php(308): Astra_Loop->loop_markup_page('')
#23 C:\Users\rimsha.sajid\Local Sites\gittest\app\public\wp-includes\class-wp-hook.php(332): WP_Hook->apply_filters('', Array)
#24 C:\Users\rimsha.sajid\Local Sites\gittest\app\public\wp-includes\plugin.php(517): WP_Hook->do_action(Array)
#25 C:\Users\rimsha.sajid\Local Sites\gittest\app\public\wp-content\themes\astra\inc\core\theme-hooks.php(267): do_action('astra_content_p...')
#26 C:\Users\rimsha.sajid\Local Sites\gittest\app\public\wp-content\themes\astra\page.php(32): astra_content_page_loop()
#27 C:\Users\rimsha.sajid\Local Sites\gittest\app\public\wp-includes\template-loader.php(106): include('C:\\Users\\rimsha...')
#28 C:\Users\rimsha.sajid\Local Sites\gittest\app\public\wp-blog-header.php(19): require_once('C:\\Users\\rimsha...')
#29 C:\Users\rimsha.sajid\Local Sites\gittest\app\public\index.php(17): require('C:\\Users\\rimsha...')
#30 {main}
  thrown in C:\Users\rimsha.sajid\Local Sites\gittest\app\public\wp-content\plugins\registeration-block\registeration-block.php on line 83
[24-Jul-2023 14:34:30 UTC] PHP Warning:  Undefined variable $content in C:\Users\rimsha.sajid\Local Sites\gittest\app\public\wp-content\plugins\registeration-block\registeration-block.php on line 127
[24-Jul-2023 14:35:18 UTC] PHP Fatal error:  Uncaught ArgumentCountError: Too few arguments to function registration_block_render_blocks(), 1 passed in C:\Users\rimsha.sajid\Local Sites\gittest\app\public\wp-includes\class-wp-hook.php on line 308 and exactly 2 expected in C:\Users\rimsha.sajid\Local Sites\gittest\app\public\wp-content\plugins\registeration-block\registeration-block.php:103
Stack trace:
#0 C:\Users\rimsha.sajid\Local Sites\gittest\app\public\wp-includes\class-wp-hook.php(308): registration_block_render_blocks('')
#1 C:\Users\rimsha.sajid\Local Sites\gittest\app\public\wp-includes\class-wp-hook.php(332): WP_Hook->apply_filters(NULL, Array)
#2 C:\Users\rimsha.sajid\Local Sites\gittest\app\public\wp-includes\plugin.php(517): WP_Hook->do_action(Array)
#3 C:\Users\rimsha.sajid\Local Sites\gittest\app\public\wp-includes\template-loader.php(13): do_action('template_redire...')
#4 C:\Users\rimsha.sajid\Local Sites\gittest\app\public\wp-blog-header.php(19): require_once('C:\\Users\\rimsha...')
#5 C:\Users\rimsha.sajid\Local Sites\gittest\app\public\index.php(17): require('C:\\Users\\rimsha...')
#6 {main}
  thrown in C:\Users\rimsha.sajid\Local Sites\gittest\app\public\wp-content\plugins\registeration-block\registeration-block.php on line 103
[24-Jul-2023 14:35:18 UTC] PHP Fatal error:  Uncaught ArgumentCountError: Too few arguments to function registration_block_render_blocks(), 1 passed in C:\Users\rimsha.sajid\Local Sites\gittest\app\public\wp-includes\class-wp-hook.php on line 308 and exactly 2 expected in C:\Users\rimsha.sajid\Local Sites\gittest\app\public\wp-content\plugins\registeration-block\registeration-block.php:103
Stack trace:
#0 C:\Users\rimsha.sajid\Local Sites\gittest\app\public\wp-includes\class-wp-hook.php(308): registration_block_render_blocks('')
#1 C:\Users\rimsha.sajid\Local Sites\gittest\app\public\wp-includes\class-wp-hook.php(332): WP_Hook->apply_filters(NULL, Array)
#2 C:\Users\rimsha.sajid\Local Sites\gittest\app\public\wp-includes\plugin.php(517): WP_Hook->do_action(Array)
#3 C:\Users\rimsha.sajid\Local Sites\gittest\app\public\wp-includes\template-loader.php(13): do_action('template_redire...')
#4 C:\Users\rimsha.sajid\Local Sites\gittest\app\public\wp-blog-header.php(19): require_once('C:\\Users\\rimsha...')
#5 C:\Users\rimsha.sajid\Local Sites\gittest\app\public\index.php(17): require('C:\\Users\\rimsha...')
#6 {main}
  thrown in C:\Users\rimsha.sajid\Local Sites\gittest\app\public\wp-content\plugins\registeration-block\registeration-block.php on line 103
[24-Jul-2023 14:46:28 UTC] PHP Parse error:  syntax error, unexpected token "(", expecting ":" in C:\Users\rimsha.sajid\Local Sites\gittest\app\public\wp-content\plugins\registeration-block\registeration-block.php on line 43
[24-Jul-2023 14:47:26 UTC] PHP Parse error:  syntax error, unexpected token "(", expecting ":" in C:\Users\rimsha.sajid\Local Sites\gittest\app\public\wp-content\plugins\registeration-block\registeration-block.php on line 43
[24-Jul-2023 14:47:26 UTC] PHP Parse error:  syntax error, unexpected token "(", expecting ":" in C:\Users\rimsha.sajid\Local Sites\gittest\app\public\wp-content\plugins\registeration-block\registeration-block.php on line 43
[24-Jul-2023 14:48:29 UTC] PHP Parse error:  syntax error, unexpected token "if" in C:\Users\rimsha.sajid\Local Sites\gittest\app\public\wp-content\plugins\registeration-block\registeration-block.php on line 43
[24-Jul-2023 14:48:52 UTC] PHP Parse error:  syntax error, unexpected token "if" in C:\Users\rimsha.sajid\Local Sites\gittest\app\public\wp-content\plugins\registeration-block\registeration-block.php on line 43
[24-Jul-2023 14:48:52 UTC] PHP Parse error:  syntax error, unexpected token "if" in C:\Users\rimsha.sajid\Local Sites\gittest\app\public\wp-content\plugins\registeration-block\registeration-block.php on line 43
[24-Jul-2023 14:48:56 UTC] PHP Parse error:  syntax error, unexpected token "if" in C:\Users\rimsha.sajid\Local Sites\gittest\app\public\wp-content\plugins\registeration-block\registeration-block.php on line 43
[24-Jul-2023 14:48:56 UTC] PHP Parse error:  syntax error, unexpected token "if" in C:\Users\rimsha.sajid\Local Sites\gittest\app\public\wp-content\plugins\registeration-block\registeration-block.php on line 43
[24-Jul-2023 14:48:57 UTC] PHP Parse error:  syntax error, unexpected token "if" in C:\Users\rimsha.sajid\Local Sites\gittest\app\public\wp-content\plugins\registeration-block\registeration-block.php on line 43
[24-Jul-2023 14:49:35 UTC] PHP Parse error:  syntax error, unexpected token "}" in C:\Users\rimsha.sajid\Local Sites\gittest\app\public\wp-content\plugins\registeration-block\registeration-block.php on line 44
[24-Jul-2023 14:49:35 UTC] PHP Parse error:  syntax error, unexpected token "}" in C:\Users\rimsha.sajid\Local Sites\gittest\app\public\wp-content\plugins\registeration-block\registeration-block.php on line 44
[24-Jul-2023 14:49:35 UTC] PHP Parse error:  syntax error, unexpected token "}" in C:\Users\rimsha.sajid\Local Sites\gittest\app\public\wp-content\plugins\registeration-block\registeration-block.php on line 44
[24-Jul-2023 14:49:36 UTC] PHP Parse error:  syntax error, unexpected token "}" in C:\Users\rimsha.sajid\Local Sites\gittest\app\public\wp-content\plugins\registeration-block\registeration-block.php on line 44
[24-Jul-2023 14:49:36 UTC] PHP Parse error:  syntax error, unexpected token "}" in C:\Users\rimsha.sajid\Local Sites\gittest\app\public\wp-content\plugins\registeration-block\registeration-block.php on line 44
[24-Jul-2023 14:49:36 UTC] PHP Parse error:  syntax error, unexpected token "}" in C:\Users\rimsha.sajid\Local Sites\gittest\app\public\wp-content\plugins\registeration-block\registeration-block.php on line 44
[24-Jul-2023 14:49:36 UTC] PHP Parse error:  syntax error, unexpected token "}" in C:\Users\rimsha.sajid\Local Sites\gittest\app\public\wp-content\plugins\registeration-block\registeration-block.php on line 44
[24-Jul-2023 14:49:36 UTC] PHP Parse error:  syntax error, unexpected token "}" in C:\Users\rimsha.sajid\Local Sites\gittest\app\public\wp-content\plugins\registeration-block\registeration-block.php on line 44
[24-Jul-2023 14:49:36 UTC] PHP Parse error:  syntax error, unexpected token "}" in C:\Users\rimsha.sajid\Local Sites\gittest\app\public\wp-content\plugins\registeration-block\registeration-block.php on line 44
[24-Jul-2023 14:49:36 UTC] PHP Parse error:  syntax error, unexpected token "}" in C:\Users\rimsha.sajid\Local Sites\gittest\app\public\wp-content\plugins\registeration-block\registeration-block.php on line 44
[24-Jul-2023 14:49:36 UTC] PHP Parse error:  syntax error, unexpected token "}" in C:\Users\rimsha.sajid\Local Sites\gittest\app\public\wp-content\plugins\registeration-block\registeration-block.php on line 44
[24-Jul-2023 14:49:37 UTC] PHP Parse error:  syntax error, unexpected token "}" in C:\Users\rimsha.sajid\Local Sites\gittest\app\public\wp-content\plugins\registeration-block\registeration-block.php on line 44
[24-Jul-2023 14:49:37 UTC] PHP Parse error:  syntax error, unexpected token "}" in C:\Users\rimsha.sajid\Local Sites\gittest\app\public\wp-content\plugins\registeration-block\registeration-block.php on line 44
[24-Jul-2023 14:49:37 UTC] PHP Parse error:  syntax error, unexpected token "}" in C:\Users\rimsha.sajid\Local Sites\gittest\app\public\wp-content\plugins\registeration-block\registeration-block.php on line 44
[24-Jul-2023 14:49:37 UTC] PHP Parse error:  syntax error, unexpected token "}" in C:\Users\rimsha.sajid\Local Sites\gittest\app\public\wp-content\plugins\registeration-block\registeration-block.php on line 44
[24-Jul-2023 14:49:37 UTC] PHP Parse error:  syntax error, unexpected token "}" in C:\Users\rimsha.sajid\Local Sites\gittest\app\public\wp-content\plugins\registeration-block\registeration-block.php on line 44
[24-Jul-2023 14:49:37 UTC] PHP Parse error:  syntax error, unexpected token "}" in C:\Users\rimsha.sajid\Local Sites\gittest\app\public\wp-content\plugins\registeration-block\registeration-block.php on line 44
[24-Jul-2023 14:49:37 UTC] PHP Parse error:  syntax error, unexpected token "}" in C:\Users\rimsha.sajid\Local Sites\gittest\app\public\wp-content\plugins\registeration-block\registeration-block.php on line 44
[24-Jul-2023 14:49:37 UTC] PHP Parse error:  syntax error, unexpected token "}" in C:\Users\rimsha.sajid\Local Sites\gittest\app\public\wp-content\plugins\registeration-block\registeration-block.php on line 44
[24-Jul-2023 14:49:37 UTC] PHP Parse error:  syntax error, unexpected token "}" in C:\Users\rimsha.sajid\Local Sites\gittest\app\public\wp-content\plugins\registeration-block\registeration-block.php on line 44
[24-Jul-2023 14:49:56 UTC] PHP Parse error:  syntax error, unexpected token "(", expecting ":" in C:\Users\rimsha.sajid\Local Sites\gittest\app\public\wp-content\plugins\registeration-block\registeration-block.php on line 43
[24-Jul-2023 14:49:56 UTC] PHP Parse error:  syntax error, unexpected token "(", expecting ":" in C:\Users\rimsha.sajid\Local Sites\gittest\app\public\wp-content\plugins\registeration-block\registeration-block.php on line 43
[24-Jul-2023 20:01:59 UTC] PHP Warning:  Undefined variable $input_name in C:\Users\rimsha.sajid\Local Sites\gittest\app\public\wp-content\plugins\registeration-block\includes\block-editor\blocks\block-one\render.php on line 14
[24-Jul-2023 20:01:59 UTC] PHP Warning:  Undefined variable $input_name in C:\Users\rimsha.sajid\Local Sites\gittest\app\public\wp-content\plugins\registeration-block\includes\block-editor\blocks\block-one\render.php on line 15
[24-Jul-2023 20:01:59 UTC] PHP Warning:  Undefined variable $input_name in C:\Users\rimsha.sajid\Local Sites\gittest\app\public\wp-content\plugins\registeration-block\includes\block-editor\blocks\block-one\render.php on line 15
[24-Jul-2023 20:02:21 UTC] PHP Warning:  Undefined variable $input_name in C:\Users\rimsha.sajid\Local Sites\gittest\app\public\wp-content\plugins\registeration-block\includes\block-editor\blocks\block-one\render.php on line 14
[24-Jul-2023 20:02:21 UTC] PHP Warning:  Undefined variable $input_name in C:\Users\rimsha.sajid\Local Sites\gittest\app\public\wp-content\plugins\registeration-block\includes\block-editor\blocks\block-one\render.php on line 15
[24-Jul-2023 20:02:21 UTC] PHP Warning:  Undefined variable $input_name in C:\Users\rimsha.sajid\Local Sites\gittest\app\public\wp-content\plugins\registeration-block\includes\block-editor\blocks\block-one\render.php on line 15
[24-Jul-2023 20:03:23 UTC] PHP Warning:  Undefined variable $input_name in C:\Users\rimsha.sajid\Local Sites\gittest\app\public\wp-content\plugins\registeration-block\includes\block-editor\blocks\block-one\render.php on line 14
[24-Jul-2023 20:03:23 UTC] PHP Warning:  Undefined variable $input_name in C:\Users\rimsha.sajid\Local Sites\gittest\app\public\wp-content\plugins\registeration-block\includes\block-editor\blocks\block-one\render.php on line 15
[24-Jul-2023 20:03:23 UTC] PHP Warning:  Undefined variable $input_name in C:\Users\rimsha.sajid\Local Sites\gittest\app\public\wp-content\plugins\registeration-block\includes\block-editor\blocks\block-one\render.php on line 15
[25-Jul-2023 10:19:48 UTC] Sync process for Gutenberg Blocks has started.
[25-Jul-2023 10:19:48 UTC] CATEGORY:Importing categories..
[25-Jul-2023 10:19:48 UTC] CATEGORY:Storing in option ast-block-templates-categories
[25-Jul-2023 10:19:48 UTC] CATEGORY:Completed category import.
[25-Jul-2023 10:19:48 UTC] BLOCK: Getting Total Blocks
[25-Jul-2023 10:19:48 UTC] BLOCK: https://websitedemos.net/wp-json/astra-blocks/v1/get-blocks-count/?page_builder=gutenberg&wireframe=yes
[25-Jul-2023 10:19:48 UTC] BLOCK: Requests count 4
[25-Jul-2023 10:19:48 UTC] BLOCK: Importing request 1 ..
[25-Jul-2023 10:19:48 UTC] BLOCK: https://websitedemos.net/wp-json/astra-blocks/v1/blocks/?page_builder=gutenberg&per_page=100&page=1&wireframe=yes
[25-Jul-2023 10:19:48 UTC] BLOCK: Storing in option ast-block-templates-blocks-1
[25-Jul-2023 10:19:48 UTC] BLOCK: Completed request 1
[25-Jul-2023 10:19:48 UTC] BLOCK: Importing request 2 ..
[25-Jul-2023 10:19:48 UTC] BLOCK: https://websitedemos.net/wp-json/astra-blocks/v1/blocks/?page_builder=gutenberg&per_page=100&page=2&wireframe=yes
[25-Jul-2023 10:19:48 UTC] BLOCK: Storing in option ast-block-templates-blocks-2
[25-Jul-2023 10:19:48 UTC] BLOCK: Completed request 2
[25-Jul-2023 10:19:48 UTC] BLOCK: Importing request 3 ..
[25-Jul-2023 10:19:48 UTC] BLOCK: https://websitedemos.net/wp-json/astra-blocks/v1/blocks/?page_builder=gutenberg&per_page=100&page=3&wireframe=yes
[25-Jul-2023 10:19:48 UTC] BLOCK: Storing in option ast-block-templates-blocks-3
[25-Jul-2023 10:19:48 UTC] BLOCK: Completed request 3
[25-Jul-2023 10:19:48 UTC] BLOCK: Importing request 4 ..
[25-Jul-2023 10:19:48 UTC] BLOCK: https://websitedemos.net/wp-json/astra-blocks/v1/blocks/?page_builder=gutenberg&per_page=100&page=4&wireframe=yes
[25-Jul-2023 10:19:49 UTC] BLOCK: Storing in option ast-block-templates-blocks-4
[25-Jul-2023 10:19:49 UTC] BLOCK: Completed request 4
[25-Jul-2023 10:19:49 UTC] SITE: Getting Total Sites
[25-Jul-2023 10:19:49 UTC] SITE: https://websitedemos.net/wp-json/astra-sites/v1/get-total-pages/?page_builder=gutenberg
[25-Jul-2023 10:19:49 UTC] SITE: Request count 2
[25-Jul-2023 10:19:49 UTC] SITE: Importing request 1 ..
[25-Jul-2023 10:19:49 UTC] SITE: https://websitedemos.net/wp-json/astra-sites/v1/sites-and-pages/?per_page=100&page=1&page-builder=gutenberg
[25-Jul-2023 10:19:49 UTC] SITE: Storing in option ast-block-templates-sites-1
[25-Jul-2023 10:19:49 UTC] SITE: Completed request 1
[25-Jul-2023 10:19:49 UTC] SITE: Importing request 2 ..
[25-Jul-2023 10:19:49 UTC] SITE: https://websitedemos.net/wp-json/astra-sites/v1/sites-and-pages/?per_page=100&page=2&page-builder=gutenberg
[25-Jul-2023 10:19:49 UTC] SITE: Storing in option ast-block-templates-sites-2
[25-Jul-2023 10:19:49 UTC] SITE: Completed request 2
[25-Jul-2023 10:19:49 UTC] Sync process for Gutenberg Blocks is done.
[25-Jul-2023 13:29:55 UTC] Cron reschedule event error for hook: action_scheduler_run_queue, Error code: invalid_schedule, Error message: Event schedule does not exist., Data: {"schedule":"every_minute","args":["WP Cron"],"interval":60}
